#
# A fatal error has been detected by the Java Runtime Environment:
#
#  SIGSEGV (0xb) at pc=0x00007fff8ba12097, pid=887, tid=1287
#
# JRE version: Java(TM) SE Runtime Environment (7.0_45-b18) (build 1.7.0_45-b18)
# Java VM: Java HotSpot(TM) 64-Bit Server VM (24.45-b08 mixed mode bsd-amd64 compressed oops)
# Problematic frame:
# C  [libobjc.A.dylib+0x5097]  objc_msgSend+0x17
#
# Failed to write core dump. Core dumps have been disabled. To enable core dumping, try "ulimit -c unlimited" before starting Java again
#
# If you would like to submit a bug report, please visit:
#   http://bugreport.sun.com/bugreport/crash.jsp
# The crash happened outside the Java Virtual Machine in native code.
# See problematic frame for where to report the bug.
#

---------------  T H R E A D  ---------------

Current thread (0x00007f8dca896000):  JavaThread "AppKit Thread" daemon [_thread_in_native, id=1287, stack(0x00007fff5b2e8000,0x00007fff5b368000)]

siginfo:si_signo=SIGSEGV: si_errno=0, si_code=0 (SEGV0), si_addr=0x0000000000000000

Registers:
RAX=0x00007f8dca6279b0, RBX=0x00000000000f42e9, RCX=0x0000000000000000, RDX=0x00007f8dca64a2e0
RSP=0x00007fff5b3633c8, RBP=0x00007fff5b3633d0, RSI=0x00007fff89176d05, RDI=0x00007f8dca6279b0
R8 =0x0000000000000040, R9 =0x00007fff5b363300, R10=0x00007fff89176d05, R11=0xa00007f8dca653c2
R12=0x00000000000f42e9, R13=0x00007fff5b363598, R14=0x00007f8dca46db80, R15=0x00007fff5b3634f8
RIP=0x00007fff8ba12097, EFLAGS=0x0000000000010246, ERR=0x0000000000000000
  TRAPNO=0x000000000000000d

Top of Stack: (sp=0x00007fff5b3633c8)
0x00007fff5b3633c8:   00007fff8b4b1fcc 00007fff5b363730
0x00007fff5b3633d8:   00007fff8b3a5c5d 00007fff78d08d90
0x00007fff5b3633e8:   00007fff8ed40347 00007fff5b363420
0x00007fff5b3633f8:   00007fff8ba2aa02 0000000000000798
0x00007fff5b363408:   00000000000f42eb 0000000000000002
0x00007fff5b363418:   00007f8dca649740 00007f8dca649080
0x00007fff5b363428:   00007f8dca515830 00007f8dca64a2e0
0x00007fff5b363438:   00007fff5b3634f0 0000000000000000
0x00007fff5b363448:   00000000000f42e9 0000000000000051
0x00007fff5b363458:   00007fff5b363570 0000000000000000
0x00007fff5b363468:   0000000000000001 00007f8dca515820
0x00007fff5b363478:   000000000000004f 0000000000004677
0x00007fff5b363488:   0000010000000000 00007fff7907e980
0x00007fff5b363498:   00002060002dc6ea 00007fff5b3635f0
0x00007fff5b3634a8:   0000000000000000 00007fff5b363588
0x00007fff5b3634b8:   00007fff5b363568 00007fff7907e968
0x00007fff5b3634c8:   0000000000000000 0000000000000014
0x00007fff5b3634d8:   00007fff952dc6ea 00007fff77e7ab08
0x00007fff5b3634e8:   0000000000000000 00007f8dca6497c0
0x00007fff5b3634f8:   00007f8dca46db80 00007fff93a12b08
0x00007fff5b363508:   0000000000000000 00007fff5b3635d0
0x00007fff5b363518:   00007fff8dd4426e 00007fff79d820d0
0x00007fff5b363528:   0000000042000000 00007fff8dd4c671
0x00007fff5b363538:   00007fff7905ab30 00007fff5b363638
0x00007fff5b363548:   00007fff5b363568 00007fff5b363588
0x00007fff5b363558:   0000000000000000 00000001048b1001
0x00007fff5b363568:   0000000000000000 000000000000004d
0x00007fff5b363578:   0000000000000000 00000000000f42e2
0x00007fff5b363588:   000000000000004f 0000000000000000
0x00007fff5b363598:   00000000000f42e9 000000015b363640
0x00007fff5b3635a8:   00007fff952dd261 00007fff78d07748
0x00007fff5b3635b8:   00007fff78d0774c 0000000078d031b8 

Instructions: (pc=0x00007fff8ba12097)
0x00007fff8ba12077:   90 90 90 90 90 90 90 90 90 48 85 ff 2e 74 72 40
0x00007fff8ba12087:   f6 c7 01 2e 0f 85 7e 00 00 00 4c 8b 1f 49 89 f2
0x00007fff8ba12097:   45 23 53 18 49 c1 e2 04 4d 03 53 10 49 3b 32 75
0x00007fff8ba120a7:   04 41 ff 62 08 49 83 3a 00 74 74 4d 3b 53 10 74 

Register to memory mapping:

RAX=0x00007f8dca6279b0 is an unknown value
RBX=0x00000000000f42e9 is an unknown value
RCX=0x0000000000000000 is an unknown value
RDX=0x00007f8dca64a2e0 is an unknown value
RSP=0x00007fff5b3633c8 is pointing into the stack for thread: 0x00007f8dca896000
RBP=0x00007fff5b3633d0 is pointing into the stack for thread: 0x00007f8dca896000
RSI=0x00007fff89176d05: NSAppKitVersionNumber+0x534c5 in /System/Library/Frameworks/AppKit.framework/Versions/C/AppKit at 0x00007fff886d5000
RDI=0x00007f8dca6279b0 is an unknown value
R8 =0x0000000000000040 is an unknown value
R9 =0x00007fff5b363300 is pointing into the stack for thread: 0x00007f8dca896000
R10=0x00007fff89176d05: NSAppKitVersionNumber+0x534c5 in /System/Library/Frameworks/AppKit.framework/Versions/C/AppKit at 0x00007fff886d5000
R11=0xa00007f8dca653c2 is an unknown value
R12=0x00000000000f42e9 is an unknown value
R13=0x00007fff5b363598 is pointing into the stack for thread: 0x00007f8dca896000
R14=0x00007f8dca46db80 is an unknown value
R15=0x00007fff5b3634f8 is pointing into the stack for thread: 0x00007f8dca896000


Stack: [0x00007fff5b2e8000,0x00007fff5b368000],  sp=0x00007fff5b3633c8,  free space=492k
Native frames: (J=compiled Java code, j=interpreted, Vv=VM code, C=native code)
C  [libobjc.A.dylib+0x5097]  objc_msgSend+0x17
C  [CoreFoundation+0x10c5d]  _CFXNotificationPost+0xb4d
C  [Foundation+0x34aa]  -[NSNotificationCenter postNotificationName:object:userInfo:]+0x44
C  [AppKit+0x10f609]  -[NSSurface _disposeSurface]+0x98
C  [AppKit+0x10f0a5]  -[NSSurface setWindow:]+0x46
C  [AppKit+0x3af67]  -[NSView _setWindow:]+0x8ea
C  [AppKit+0x3bf9a]  -[NSView removeFromSuperview]+0x15e
C  [AppKit+0x98759]  -[NSView removeFromSuperviewWithoutNeedingDisplay]+0x26
C  [liblwjgl.jnilib+0x936e]  +[MacOSXKeyableWindow destroyWindow]+0xde
C  [Foundation+0x640de]  __NSThreadPerformPerform+0xe5
C  [CoreFoundation+0x7f8f1]  __CFRUNLOOP_IS_CALLING_OUT_TO_A_SOURCE0_PERFORM_FUNCTION__+0x11
C  [CoreFoundation+0x71062]  __CFRunLoopDoSources0+0xf2
C  [CoreFoundation+0x707ef]  __CFRunLoopRun+0x33f
C  [CoreFoundation+0x70275]  CFRunLoopRunSpecific+0x135
C  [HIToolbox+0x2ef0d]  RunCurrentEventLoopInMode+0xe2
C  [HIToolbox+0x2ecb7]  ReceiveNextEventCommon+0x1df
C  [HIToolbox+0x2eabc]  _BlockUntilNextEventMatchingListInModeWithFilter+0x41
C  [AppKit+0x2428e]  _DPSNextEvent+0x59a
C  [AppKit+0x238db]  -[NSApplication nextEventMatchingMask:untilDate:inMode:dequeue:]+0x7a
C  [libosxapp.dylib+0x16f4]  -[NSApplicationAWT nextEventMatchingMask:untilDate:inMode:dequeue:]+0x7c
C  [AppKit+0x179cc]  -[NSApplication run]+0x229
C  [libosxapp.dylib+0x1557]  +[NSApplicationAWT runAWTLoopWithApp:]+0x9c
C  [liblwawt.dylib+0xdba9]  -[AWTStarter starter:]+0x369
C  [Foundation+0x640de]  __NSThreadPerformPerform+0xe5
C  [CoreFoundation+0x7f8f1]  __CFRUNLOOP_IS_CALLING_OUT_TO_A_SOURCE0_PERFORM_FUNCTION__+0x11
C  [CoreFoundation+0x71062]  __CFRunLoopDoSources0+0xf2
C  [CoreFoundation+0x707ef]  __CFRunLoopRun+0x33f
C  [CoreFoundation+0x70275]  CFRunLoopRunSpecific+0x135
C  [java+0x73b0]  CreateExecutionEnvironment+0x367
C  [java+0x1b5c]  JLI_Launch+0x7a0
C  [java+0x770d]  main+0x65
C  [java+0x13b4]  start+0x34


---------------  P R O C E S S  ---------------

Java Threads: ( => current thread )
  0x00007f8dca897000 JavaThread "AWT-Shutdown" [_thread_blocked, id=28175, stack(0x0000000154948000,0x0000000154a48000)]
=>0x00007f8dca896000 JavaThread "AppKit Thread" daemon [_thread_in_native, id=1287, stack(0x00007fff5b2e8000,0x00007fff5b368000)]
  0x00007f8dcb816800 JavaThread "Service Thread" daemon [_thread_blocked, id=19459, stack(0x0000000152731000,0x0000000152831000)]
  0x00007f8dcb816000 JavaThread "C2 CompilerThread1" daemon [_thread_blocked, id=18947, stack(0x000000015262e000,0x000000015272e000)]
  0x00007f8dcb810000 JavaThread "C2 CompilerThread0" daemon [_thread_blocked, id=18435, stack(0x000000015252b000,0x000000015262b000)]
  0x00007f8dcb811800 JavaThread "Signal Dispatcher" daemon [_thread_blocked, id=17923, stack(0x0000000152428000,0x0000000152528000)]
  0x00007f8dcb042800 JavaThread "Finalizer" daemon [_thread_blocked, id=13059, stack(0x00000001521d9000,0x00000001522d9000)]
  0x00007f8dcb03f800 JavaThread "Reference Handler" daemon [_thread_blocked, id=12547, stack(0x00000001520d6000,0x00000001521d6000)]
  0x00007f8dcb801000 JavaThread "main" [_thread_in_native, id=6915, stack(0x0000000105c01000,0x0000000105d01000)]

Other Threads:
  0x00007f8dcb03f000 VMThread [stack: 0x0000000151fd3000,0x00000001520d3000] [id=12035]
  0x00007f8dcb043000 WatcherThread [stack: 0x0000000152834000,0x0000000152934000] [id=19971]

VM state:not at safepoint (normal execution)

VM Mutex/Monitor currently owned by a thread: None

Heap
 PSYoungGen      total 19456K, used 6300K [0x0000000138b80000, 0x000000013a100000, 0x000000014e100000)
  eden space 16896K, 28% used [0x0000000138b80000,0x000000013902a4d0,0x0000000139c00000)
  from space 2560K, 59% used [0x0000000139c00000,0x0000000139d7cc60,0x0000000139e80000)
  to   space 2560K, 0% used [0x0000000139e80000,0x0000000139e80000,0x000000013a100000)
 ParOldGen       total 43520K, used 8K [0x000000010e100000, 0x0000000110b80000, 0x0000000138b80000)
  object space 43520K, 0% used [0x000000010e100000,0x000000010e102000,0x0000000110b80000)
 PSPermGen       total 21504K, used 6137K [0x0000000108f00000, 0x000000010a400000, 0x000000010e100000)
  object space 21504K, 28% used [0x0000000108f00000,0x00000001094fe6f0,0x000000010a400000)

Card table byte_map: [0x000000014e100000,0x000000014e32a000] byte_map_base: 0x000000014d8b8800

Polling page: 0x00000001053ff000

Code Cache  [0x0000000105d52000, 0x0000000105fc2000, 0x0000000108d52000)
 total_blobs=336 nmethods=28 adapters=263 free_code_cache=48663Kb largest_free_block=49817280

Compilation events (10 events):
Event: 0.628 Thread 0x00007f8dcb816000 nmethod 24 0x0000000105dca890 code [0x0000000105dca9c0, 0x0000000105dcaa38]
Event: 0.628 Thread 0x00007f8dcb816000   25             java.nio.DirectByteBuffer::put (17 bytes)
Event: 0.629 Thread 0x00007f8dcb816000 nmethod 25 0x0000000105dca610 code [0x0000000105dca740, 0x0000000105dca7d8]
Event: 0.629 Thread 0x00007f8dcb816000   26             java.nio.StringCharBuffer::get (19 bytes)
Event: 0.631 Thread 0x00007f8dcb816000 nmethod 26 0x0000000105dca110 code [0x0000000105dca280, 0x0000000105dca3f8]
Event: 0.631 Thread 0x00007f8dcb816000   27             java.nio.Buffer::nextGetIndex (31 bytes)
Event: 0.632 Thread 0x00007f8dcb816000 nmethod 27 0x0000000105dc9ed0 code [0x0000000105dca000, 0x0000000105dca078]
Event: 0.632 Thread 0x00007f8dcb816000   28             org.lwjgl.MemoryUtil$CharSequenceNT::charAt (28 bytes)
Event: 0.634 Thread 0x00007f8dcb816000 nmethod 28 0x0000000105dc9a90 code [0x0000000105dc9be0, 0x0000000105dc9cd8]
Event: 0.640 Thread 0x00007f8dcb810000 nmethod 23 0x0000000105dcd050 code [0x0000000105dcd220, 0x0000000105dcd780]

GC Heap History (2 events):
Event: 1.445 GC heap before
{Heap before GC invocations=1 (full 0):
 PSYoungGen      total 19456K, used 16896K [0x0000000138b80000, 0x000000013a100000, 0x000000014e100000)
  eden space 16896K, 100% used [0x0000000138b80000,0x0000000139c00000,0x0000000139c00000)
  from space 2560K, 0% used [0x0000000139e80000,0x0000000139e80000,0x000000013a100000)
  to   space 2560K, 0% used [0x0000000139c00000,0x0000000139c00000,0x0000000139e80000)
 ParOldGen       total 43520K, used 0K [0x000000010e100000, 0x0000000110b80000, 0x0000000138b80000)
  object space 43520K, 0% used [0x000000010e100000,0x000000010e100000,0x0000000110b80000)
 PSPermGen       total 21504K, used 6132K [0x0000000108f00000, 0x000000010a400000, 0x000000010e100000)
  object space 21504K, 28% used [0x0000000108f00000,0x00000001094fd010,0x000000010a400000)
Event: 1.449 GC heap after
Heap after GC invocations=1 (full 0):
 PSYoungGen      total 19456K, used 1523K [0x0000000138b80000, 0x000000013a100000, 0x000000014e100000)
  eden space 16896K, 0% used [0x0000000138b80000,0x0000000138b80000,0x0000000139c00000)
  from space 2560K, 59% used [0x0000000139c00000,0x0000000139d7cc60,0x0000000139e80000)
  to   space 2560K, 0% used [0x0000000139e80000,0x0000000139e80000,0x000000013a100000)
 ParOldGen       total 43520K, used 8K [0x000000010e100000, 0x0000000110b80000, 0x0000000138b80000)
  object space 43520K, 0% used [0x000000010e100000,0x000000010e102000,0x0000000110b80000)
 PSPermGen       total 21504K, used 6132K [0x0000000108f00000, 0x000000010a400000, 0x000000010e100000)
  object space 21504K, 28% used [0x0000000108f00000,0x00000001094fd010,0x000000010a400000)
}

Deoptimization events (0 events):
No events

Internal exceptions (10 events):
Event: 0.662 Thread 0x00007f8dcb801000 Threw 0x0000000139584828 at /HUDSON/workspace/7u-2-build-macosx-x86_64/jdk7u45/229/hotspot/src/share/vm/prims/jvm.cpp:1244
Event: 0.684 Thread 0x00007f8dcb801000 Threw 0x0000000139589d68 at /HUDSON/workspace/7u-2-build-macosx-x86_64/jdk7u45/229/hotspot/src/share/vm/prims/jvm.cpp:1244
Event: 0.687 Thread 0x00007f8dcb801000 Threw 0x000000013958fdc8 at /HUDSON/workspace/7u-2-build-macosx-x86_64/jdk7u45/229/hotspot/src/share/vm/prims/jvm.cpp:1244
Event: 0.689 Thread 0x00007f8dcb801000 Threw 0x000000013959d1c0 at /HUDSON/workspace/7u-2-build-macosx-x86_64/jdk7u45/229/hotspot/src/share/vm/prims/jvm.cpp:1244
Event: 0.690 Thread 0x00007f8dcb801000 Threw 0x00000001395a05e0 at /HUDSON/workspace/7u-2-build-macosx-x86_64/jdk7u45/229/hotspot/src/share/vm/prims/jvm.cpp:1244
Event: 0.691 Thread 0x00007f8dcb801000 Threw 0x00000001395a6c38 at /HUDSON/workspace/7u-2-build-macosx-x86_64/jdk7u45/229/hotspot/src/share/vm/prims/jvm.cpp:1244
Event: 0.692 Thread 0x00007f8dcb801000 Threw 0x00000001395ab4b0 at /HUDSON/workspace/7u-2-build-macosx-x86_64/jdk7u45/229/hotspot/src/share/vm/prims/jvm.cpp:1244
Event: 0.716 Thread 0x00007f8dcb801000 Threw 0x00000001395aeb50 at /HUDSON/workspace/7u-2-build-macosx-x86_64/jdk7u45/229/hotspot/src/share/vm/prims/jvm.cpp:1244
Event: 0.717 Thread 0x00007f8dcb801000 Threw 0x00000001395b2cf8 at /HUDSON/workspace/7u-2-build-macosx-x86_64/jdk7u45/229/hotspot/src/share/vm/prims/jvm.cpp:1244
Event: 2.333 Thread 0x00007f8dcb801000 Threw 0x0000000138fa1f68 at /HUDSON/workspace/7u-2-build-macosx-x86_64/jdk7u45/229/hotspot/src/share/vm/prims/jvm.cpp:1244

Events (10 events):
Event: 2.190 Thread 0x00007f8dcc12e800 Thread added: 0x00007f8dcc12e800
Event: 2.190 Thread 0x00007f8dcc12e800 Thread exited: 0x00007f8dcc12e800
Event: 2.230 Thread 0x00007f8dca91c800 Thread added: 0x00007f8dca91c800
Event: 2.230 Thread 0x00007f8dca91c800 Thread exited: 0x00007f8dca91c800
Event: 2.268 Thread 0x00007f8dcc12e800 Thread added: 0x00007f8dcc12e800
Event: 2.268 Thread 0x00007f8dcc12e800 Thread exited: 0x00007f8dcc12e800
Event: 2.309 Thread 0x00007f8dcb944000 Thread added: 0x00007f8dcb944000
Event: 2.309 Thread 0x00007f8dcb944000 Thread exited: 0x00007f8dcb944000
Event: 2.333 loading class 0x00007f8dca538cb0
Event: 2.333 loading class 0x00007f8dca538cb0 done


Dynamic libraries:
0x0000000007a9d000 	/System/Library/Frameworks/Cocoa.framework/Versions/A/Cocoa
0x0000000007a9d000 	/System/Library/Frameworks/Security.framework/Versions/A/Security
0x0000000007a9d000 	/System/Library/Frameworks/ApplicationServices.framework/Versions/A/ApplicationServices
0x0000000007a9d000 	/usr/lib/libz.1.dylib
0x0000000007a9d000 	/usr/lib/libSystem.B.dylib
0x0000000007a9d000 	/usr/lib/libobjc.A.dylib
0x0000000007a9d000 	/System/Library/Frameworks/CoreFoundation.framework/Versions/A/CoreFoundation
0x0000000007a9d000 	/System/Library/Frameworks/Foundation.framework/Versions/C/Foundation
0x0000000007a9d000 	/System/Library/Frameworks/AppKit.framework/Versions/C/AppKit
0x0000000007a9d000 	/System/Library/Frameworks/CoreData.framework/Versions/A/CoreData
0x0000000007a9d000 	/System/Library/PrivateFrameworks/RemoteViewServices.framework/Versions/A/RemoteViewServices
0x0000000007a9d000 	/System/Library/Frameworks/AudioToolbox.framework/Versions/A/AudioToolbox
0x0000000007a9d000 	/System/Library/Frameworks/AudioUnit.framework/Versions/A/AudioUnit
0x0000000007a9d000 	/System/Library/PrivateFrameworks/DataDetectorsCore.framework/Versions/A/DataDetectorsCore
0x0000000007a9d000 	/System/Library/PrivateFrameworks/DesktopServicesPriv.framework/Versions/A/DesktopServicesPriv
0x0000000007a9d000 	/System/Library/Frameworks/Carbon.framework/Versions/A/Frameworks/HIToolbox.framework/Versions/A/HIToolbox
0x0000000007a9d000 	/System/Library/Frameworks/QuartzCore.framework/Versions/A/QuartzCore
0x0000000007a9d000 	/System/Library/Frameworks/Carbon.framework/Versions/A/Frameworks/SpeechRecognition.framework/Versions/A/SpeechRecognition
0x0000000007a9d000 	/usr/lib/libauto.dylib
0x0000000007a9d000 	/usr/lib/libicucore.A.dylib
0x0000000007a9d000 	/usr/lib/libxml2.2.dylib
0x0000000007a9d000 	/System/Library/PrivateFrameworks/CoreUI.framework/Versions/A/CoreUI
0x0000000007a9d000 	/System/Library/Frameworks/CoreAudio.framework/Versions/A/CoreAudio
0x0000000007a9d000 	/System/Library/Frameworks/DiskArbitration.framework/Versions/A/DiskArbitration
0x0000000007a9d000 	/usr/lib/liblangid.dylib
0x0000000007a9d000 	/System/Library/PrivateFrameworks/MultitouchSupport.framework/Versions/A/MultitouchSupport
0x0000000007a9d000 	/System/Library/Frameworks/IOKit.framework/Versions/A/IOKit
0x0000000007a9d000 	/usr/lib/libDiagnosticMessagesClient.dylib
0x0000000007a9d000 	/System/Library/Frameworks/CoreServices.framework/Versions/A/CoreServices
0x0000000007a9d000 	/System/Library/PrivateFrameworks/PerformanceAnalysis.framework/Versions/A/PerformanceAnalysis
0x0000000007a9d000 	/System/Library/PrivateFrameworks/GenerationalStorage.framework/Versions/A/GenerationalStorage
0x0000000007a9d000 	/System/Library/Frameworks/OpenGL.framework/Versions/A/OpenGL
0x0000000007a9d000 	/System/Library/PrivateFrameworks/Sharing.framework/Versions/A/Sharing
0x0000000007a9d000 	/System/Library/Frameworks/ImageIO.framework/Versions/A/ImageIO
0x0000000007a9d000 	/System/Library/Frameworks/CoreText.framework/Versions/A/CoreText
0x0000000007a9d000 	/System/Library/Frameworks/CoreGraphics.framework/Versions/A/CoreGraphics
0x0000000007a9d000 	/System/Library/PrivateFrameworks/Backup.framework/Versions/A/Backup
0x0000000007a9d000 	/System/Library/Frameworks/CFNetwork.framework/Versions/A/CFNetwork
0x0000000007a9d000 	/System/Library/Frameworks/SystemConfiguration.framework/Versions/A/SystemConfiguration
0x0000000007a9d000 	/usr/lib/libCRFSuite.dylib
0x0000000007a9d000 	/usr/lib/libc++.1.dylib
0x0000000007a9d000 	/usr/lib/libc++abi.dylib
0x0000000007a9d000 	/usr/lib/system/libcache.dylib
0x0000000007a9d000 	/usr/lib/system/libcommonCrypto.dylib
0x0000000007a9d000 	/usr/lib/system/libcompiler_rt.dylib
0x0000000007a9d000 	/usr/lib/system/libcopyfile.dylib
0x0000000007a9d000 	/usr/lib/system/libcorecrypto.dylib
0x0000000007a9d000 	/usr/lib/system/libdispatch.dylib
0x0000000007a9d000 	/usr/lib/system/libdyld.dylib
0x0000000007a9d000 	/usr/lib/system/libkeymgr.dylib
0x0000000007a9d000 	/usr/lib/system/liblaunch.dylib
0x0000000007a9d000 	/usr/lib/system/libmacho.dylib
0x0000000007a9d000 	/usr/lib/system/libquarantine.dylib
0x0000000007a9d000 	/usr/lib/system/libremovefile.dylib
0x0000000007a9d000 	/usr/lib/system/libsystem_asl.dylib
0x0000000007a9d000 	/usr/lib/system/libsystem_blocks.dylib
0x0000000007a9d000 	/usr/lib/system/libsystem_c.dylib
0x0000000007a9d000 	/usr/lib/system/libsystem_configuration.dylib
0x0000000007a9d000 	/usr/lib/system/libsystem_dnssd.dylib
0x0000000007a9d000 	/usr/lib/system/libsystem_info.dylib
0x0000000007a9d000 	/usr/lib/system/libsystem_kernel.dylib
0x0000000007a9d000 	/usr/lib/system/libsystem_m.dylib
0x0000000007a9d000 	/usr/lib/system/libsystem_malloc.dylib
0x0000000007a9d000 	/usr/lib/system/libsystem_network.dylib
0x0000000007a9d000 	/usr/lib/system/libsystem_notify.dylib
0x0000000007a9d000 	/usr/lib/system/libsystem_platform.dylib
0x0000000007a9d000 	/usr/lib/system/libsystem_pthread.dylib
0x0000000007a9d000 	/usr/lib/system/libsystem_sandbox.dylib
0x0000000007a9d000 	/usr/lib/system/libsystem_stats.dylib
0x0000000007a9d000 	/usr/lib/system/libunc.dylib
0x0000000007a9d000 	/usr/lib/system/libunwind.dylib
0x0000000007a9d000 	/usr/lib/system/libxpc.dylib
0x0000000007a9d000 	/usr/lib/libbsm.0.dylib
0x0000000007a9d000 	/usr/lib/libsqlite3.dylib
0x0000000007a9d000 	/usr/lib/libxar.1.dylib
0x0000000007a9d000 	/usr/lib/libpam.2.dylib
0x0000000007a9d000 	/usr/lib/libOpenScriptingUtil.dylib
0x0000000007a9d000 	/usr/lib/libbz2.1.0.dylib
0x0000000007a9d000 	/System/Library/Frameworks/CoreServices.framework/Versions/A/Frameworks/CarbonCore.framework/Versions/A/CarbonCore
0x0000000007a9d000 	/System/Library/Frameworks/CoreServices.framework/Versions/A/Frameworks/Metadata.framework/Versions/A/Metadata
0x0000000007a9d000 	/System/Library/Frameworks/CoreServices.framework/Versions/A/Frameworks/OSServices.framework/Versions/A/OSServices
0x0000000007a9d000 	/System/Library/Frameworks/CoreServices.framework/Versions/A/Frameworks/SearchKit.framework/Versions/A/SearchKit
0x0000000007a9d000 	/System/Library/Frameworks/CoreServices.framework/Versions/A/Frameworks/AE.framework/Versions/A/AE
0x0000000007a9d000 	/System/Library/Frameworks/CoreServices.framework/Versions/A/Frameworks/LaunchServices.framework/Versions/A/LaunchServices
0x0000000007a9d000 	/System/Library/Frameworks/CoreServices.framework/Versions/A/Frameworks/DictionaryServices.framework/Versions/A/DictionaryServices
0x0000000007a9d000 	/System/Library/Frameworks/NetFS.framework/Versions/A/NetFS
0x0000000007a9d000 	/usr/lib/system/libkxld.dylib
0x0000000007a9d000 	/System/Library/PrivateFrameworks/NetAuth.framework/Versions/A/NetAuth
0x0000000007a9d000 	/System/Library/PrivateFrameworks/TCC.framework/Versions/A/TCC
0x0000000007a9d000 	/System/Library/Frameworks/OpenDirectory.framework/Versions/A/Frameworks/CFOpenDirectory.framework/Versions/A/CFOpenDirectory
0x0000000007a9d000 	/System/Library/Frameworks/ServiceManagement.framework/Versions/A/ServiceManagement
0x0000000007a9d000 	/usr/lib/libxslt.1.dylib
0x0000000007a9d000 	/System/Library/Frameworks/Carbon.framework/Versions/A/Frameworks/Ink.framework/Versions/A/Ink
0x0000000007a9d000 	/System/Library/Frameworks/ApplicationServices.framework/Versions/A/Frameworks/ATS.framework/Versions/A/ATS
0x0000000007a9d000 	/System/Library/Frameworks/ApplicationServices.framework/Versions/A/Frameworks/ColorSync.framework/Versions/A/ColorSync
0x0000000007a9d000 	/System/Library/Frameworks/ApplicationServices.framework/Versions/A/Frameworks/HIServices.framework/Versions/A/HIServices
0x0000000007a9d000 	/System/Library/Frameworks/ApplicationServices.framework/Versions/A/Frameworks/LangAnalysis.framework/Versions/A/LangAnalysis
0x0000000007a9d000 	/System/Library/Frameworks/ApplicationServices.framework/Versions/A/Frameworks/PrintCore.framework/Versions/A/PrintCore
0x0000000007a9d000 	/System/Library/Frameworks/ApplicationServices.framework/Versions/A/Frameworks/QD.framework/Versions/A/QD
0x0000000007a9d000 	/System/Library/Frameworks/ApplicationServices.framework/Versions/A/Frameworks/SpeechSynthesis.framework/Versions/A/SpeechSynthesis
0x0000000007a9d000 	/System/Library/Frameworks/IOSurface.framework/Versions/A/IOSurface
0x0000000007a9d000 	/System/Library/Frameworks/Accelerate.framework/Versions/A/Accelerate
0x0000000007a9d000 	/System/Library/Frameworks/Accelerate.framework/Versions/A/Frameworks/vImage.framework/Versions/A/vImage
0x0000000007a9d000 	/System/Library/Frameworks/Accelerate.framework/Versions/A/Frameworks/vecLib.framework/Versions/A/vecLib
0x0000000007a9d000 	/System/Library/Frameworks/Accelerate.framework/Versions/A/Frameworks/vecLib.framework/Versions/A/libvDSP.dylib
0x0000000007a9d000 	/System/Library/Frameworks/Accelerate.framework/Versions/A/Frameworks/vecLib.framework/Versions/A/libvMisc.dylib
0x0000000007a9d000 	/System/Library/Frameworks/Accelerate.framework/Versions/A/Frameworks/vecLib.framework/Versions/A/libLAPACK.dylib
0x0000000007a9d000 	/System/Library/Frameworks/Accelerate.framework/Versions/A/Frameworks/vecLib.framework/Versions/A/libBLAS.dylib
0x0000000007a9d000 	/System/Library/Frameworks/ApplicationServices.framework/Versions/A/Frameworks/ATS.framework/Versions/A/Resources/libFontParser.dylib
0x0000000007a9d000 	/System/Library/Frameworks/ApplicationServices.framework/Versions/A/Frameworks/ATS.framework/Versions/A/Resources/libFontRegistry.dylib
0x0000000007a9d000 	/System/Library/Frameworks/ImageIO.framework/Versions/A/Resources/libJPEG.dylib
0x0000000007a9d000 	/System/Library/Frameworks/ImageIO.framework/Versions/A/Resources/libTIFF.dylib
0x0000000007a9d000 	/System/Library/Frameworks/ImageIO.framework/Versions/A/Resources/libPng.dylib
0x0000000007a9d000 	/System/Library/Frameworks/ImageIO.framework/Versions/A/Resources/libGIF.dylib
0x0000000007a9d000 	/System/Library/Frameworks/ImageIO.framework/Versions/A/Resources/libJP2.dylib
0x0000000007a9d000 	/System/Library/Frameworks/ImageIO.framework/Versions/A/Resources/libRadiance.dylib
0x0000000007a9d000 	/usr/lib/libcups.2.dylib
0x0000000007a9d000 	/System/Library/Frameworks/Kerberos.framework/Versions/A/Kerberos
0x0000000007a9d000 	/System/Library/Frameworks/GSS.framework/Versions/A/GSS
0x0000000007a9d000 	/usr/lib/libresolv.9.dylib
0x0000000007a9d000 	/usr/lib/libiconv.2.dylib
0x0000000007a9d000 	/System/Library/PrivateFrameworks/Heimdal.framework/Versions/A/Heimdal
0x0000000007a9d000 	/System/Library/PrivateFrameworks/TrustEvaluationAgent.framework/Versions/A/TrustEvaluationAgent
0x0000000007a9d000 	/usr/lib/libheimdal-asn1.dylib
0x0000000007a9d000 	/System/Library/Frameworks/OpenDirectory.framework/Versions/A/OpenDirectory
0x0000000007a9d000 	/System/Library/PrivateFrameworks/CommonAuth.framework/Versions/A/CommonAuth
0x0000000007a9d000 	/System/Library/Frameworks/SecurityFoundation.framework/Versions/A/SecurityFoundation
0x0000000007a9d000 	/System/Library/PrivateFrameworks/Bom.framework/Versions/A/Bom
0x0000000007a9d000 	/System/Library/Frameworks/CoreVideo.framework/Versions/A/CoreVideo
0x0000000007a9d000 	/System/Library/Frameworks/QuartzCore.framework/Versions/A/Frameworks/CoreImage.framework/Versions/A/CoreImage
0x0000000007a9d000 	/System/Library/Frameworks/QuartzCore.framework/Versions/A/Frameworks/ScalableUserInterface.framework/Versions/A/ScalableUserInterface
0x0000000007a9d000 	/System/Library/Frameworks/OpenGL.framework/Versions/A/Libraries/libGLU.dylib
0x0000000007a9d000 	/System/Library/Frameworks/OpenGL.framework/Versions/A/Libraries/libGFXShared.dylib
0x0000000007a9d000 	/System/Library/Frameworks/OpenGL.framework/Versions/A/Libraries/libGL.dylib
0x0000000007a9d000 	/System/Library/Frameworks/OpenGL.framework/Versions/A/Libraries/libGLImage.dylib
0x0000000007a9d000 	/System/Library/Frameworks/OpenGL.framework/Versions/A/Libraries/libCVMSPluginSupport.dylib
0x0000000007a9d000 	/System/Library/Frameworks/OpenGL.framework/Versions/A/Libraries/libCoreVMClient.dylib
0x0000000007a9d000 	/System/Library/PrivateFrameworks/FaceCore.framework/Versions/A/FaceCore
0x0000000007a9d000 	/System/Library/PrivateFrameworks/CrashReporterSupport.framework/Versions/A/CrashReporterSupport
0x0000000007a9d000 	/System/Library/Frameworks/OpenCL.framework/Versions/A/OpenCL
0x0000000007a9d000 	/System/Library/PrivateFrameworks/AppleFSCompression.framework/Versions/A/AppleFSCompression
0x0000000007a9d000 	/System/Library/PrivateFrameworks/Ubiquity.framework/Versions/A/Ubiquity
0x0000000007a9d000 	/System/Library/PrivateFrameworks/IconServices.framework/Versions/A/IconServices
0x0000000007a9d000 	/System/Library/PrivateFrameworks/ChunkingLibrary.framework/Versions/A/ChunkingLibrary
0x0000000007a9d000 	/System/Library/PrivateFrameworks/CoreSymbolication.framework/Versions/A/CoreSymbolication
0x0000000007a9d000 	/System/Library/PrivateFrameworks/Symbolication.framework/Versions/A/Symbolication
0x0000000007a9d000 	/System/Library/PrivateFrameworks/DebugSymbols.framework/Versions/A/DebugSymbols
0x0000000104996000 	/Library/Java/JavaVirtualMachines/jdk1.7.0_45.jdk/Contents/Home/jre/lib/server/libjvm.dylib
0x0000000007a9d000 	/usr/lib/libstdc++.6.dylib
0x0000000105d03000 	/Library/Java/JavaVirtualMachines/jdk1.7.0_45.jdk/Contents/Home/jre/lib/libverify.dylib
0x0000000105d10000 	/Library/Java/JavaVirtualMachines/jdk1.7.0_45.jdk/Contents/Home/jre/lib/libjava.dylib
0x0000000105d49000 	/Library/Java/JavaVirtualMachines/jdk1.7.0_45.jdk/Contents/Home/jre/lib/libzip.dylib
0x00000001522db000 	/System/Library/Frameworks/JavaVM.framework/Frameworks/JavaRuntimeSupport.framework/JavaRuntimeSupport
0x00000001522f3000 	/System/Library/Frameworks/JavaVM.framework/Versions/A/Frameworks/JavaNativeFoundation.framework/Versions/A/JavaNativeFoundation
0x0000000152308000 	/System/Library/Frameworks/JavaVM.framework/Versions/A/JavaVM
0x0000000007a9d000 	/System/Library/Frameworks/Carbon.framework/Versions/A/Carbon
0x0000000152315000 	/System/Library/PrivateFrameworks/JavaLaunching.framework/Versions/A/JavaLaunching
0x0000000007a9d000 	/System/Library/Frameworks/Carbon.framework/Versions/A/Frameworks/CommonPanels.framework/Versions/A/CommonPanels
0x0000000007a9d000 	/System/Library/Frameworks/Carbon.framework/Versions/A/Frameworks/Help.framework/Versions/A/Help
0x0000000007a9d000 	/System/Library/Frameworks/Carbon.framework/Versions/A/Frameworks/ImageCapture.framework/Versions/A/ImageCapture
0x0000000007a9d000 	/System/Library/Frameworks/Carbon.framework/Versions/A/Frameworks/OpenScripting.framework/Versions/A/OpenScripting
0x0000000007a9d000 	/System/Library/Frameworks/Carbon.framework/Versions/A/Frameworks/Print.framework/Versions/A/Print
0x0000000007a9d000 	/System/Library/Frameworks/Carbon.framework/Versions/A/Frameworks/SecurityHI.framework/Versions/A/SecurityHI
0x0000000152b42000 	/Users/kimi/FIUBA/Materias/7539/7539-Aplicaciones_Informaticas/LeapMove/lib/libLeapJava.dylib
0x0000000152b80000 	/Users/kimi/FIUBA/Materias/7539/7539-Aplicaciones_Informaticas/LeapMove/lib/libLeap.dylib
0x000000015303f000 	/Library/Java/JavaVirtualMachines/jdk1.7.0_45.jdk/Contents/Home/jre/lib/libawt.dylib
0x00000001530ee000 	/Library/Java/JavaVirtualMachines/jdk1.7.0_45.jdk/Contents/Home/jre/lib/./libmlib_image.dylib
0x00000001531ba000 	/Library/Java/JavaVirtualMachines/jdk1.7.0_45.jdk/Contents/Home/jre/lib/lwawt/liblwawt.dylib
0x000000015326e000 	/Library/Java/JavaVirtualMachines/jdk1.7.0_45.jdk/Contents/Home/jre/lib/libosxapp.dylib
0x0000000007a9d000 	/System/Library/Frameworks/ExceptionHandling.framework/Versions/A/ExceptionHandling
0x0000000007a9d000 	/System/Library/PrivateFrameworks/CoreServicesInternal.framework/Versions/A/CoreServicesInternal
0x0000000007a9d000 	/System/Library/PrivateFrameworks/Librarian.framework/Versions/A/Librarian
0x0000000007a9d000 	/System/Library/Frameworks/CoreGraphics.framework/Versions/A/Resources/libCGCMS.A.dylib
0x0000000007a9d000 	/System/Library/Frameworks/CoreGraphics.framework/Versions/A/Resources/libRIP.A.dylib
0x0000000007a9d000 	/System/Library/Frameworks/CoreGraphics.framework/Versions/A/Resources/libCGXType.A.dylib
0x0000000007a9d000 	/System/Library/PrivateFrameworks/FamilyControls.framework/Versions/A/FamilyControls
0x0000000007a9d000 	/System/Library/PrivateFrameworks/CommerceKit.framework/Versions/A/Frameworks/CommerceCore.framework/Versions/A/CommerceCore
0x0000000007a9d000 	/System/Library/PrivateFrameworks/SystemAdministration.framework/Versions/A/SystemAdministration
0x0000000007a9d000 	/System/Library/Frameworks/DirectoryService.framework/Versions/A/DirectoryService
0x0000000007a9d000 	/System/Library/PrivateFrameworks/DiskImages.framework/Versions/A/DiskImages
0x0000000007a9d000 	/System/Library/PrivateFrameworks/LoginUIKit.framework/Versions/A/Frameworks/LoginUICore.framework/Versions/A/LoginUICore
0x0000000007a9d000 	/usr/lib/libCoreStorage.dylib
0x0000000007a9d000 	/usr/lib/libcsfde.dylib
0x0000000007a9d000 	/usr/lib/libodfde.dylib
0x0000000007a9d000 	/System/Library/Frameworks/DiscRecording.framework/Versions/A/DiscRecording
0x0000000007a9d000 	/usr/lib/libcurl.4.dylib
0x0000000007a9d000 	/System/Library/PrivateFrameworks/MediaKit.framework/Versions/A/MediaKit
0x0000000007a9d000 	/System/Library/PrivateFrameworks/EFILogin.framework/Versions/A/EFILogin
0x0000000007a9d000 	/usr/lib/libutil.dylib
0x0000000007a9d000 	/System/Library/PrivateFrameworks/AOSNotification.framework/Versions/A/AOSNotification
0x0000000007a9d000 	/System/Library/Frameworks/LDAP.framework/Versions/A/LDAP
0x0000000007a9d000 	/usr/lib/libsasl2.2.dylib
0x0000000007a9d000 	/usr/lib/libcrypto.0.9.8.dylib
0x0000000007a9d000 	/usr/lib/libssl.0.9.8.dylib
0x0000000157234000 	/Library/Java/JavaVirtualMachines/jdk1.7.0_45.jdk/Contents/Home/jre/lib/libfontmanager.dylib
0x0000000157298000 	/Users/kimi/FIUBA/Materias/7539/7539-Aplicaciones_Informaticas/LeapMove/lib/liblwjgl.jnilib
0x000000015583d000 	/Library/Java/JavaVirtualMachines/jdk1.7.0_45.jdk/Contents/Home/jre/lib/libjawt.dylib
0x0000000007a9d000 	/System/Library/Frameworks/OpenGL.framework/Versions/A/Resources/GLEngine.bundle/GLEngine
0x0000000007a9d000 	/System/Library/Frameworks/OpenGL.framework/Versions/A/Libraries/libGLProgrammability.dylib
0x0000000000000000 	/System/Library/Extensions/AppleIntelHD4000GraphicsGLDriver.bundle/Contents/MacOS/AppleIntelHD4000GraphicsGLDriver
0x0000000007a9d000 	/System/Library/PrivateFrameworks/IOAccelerator.framework/Versions/A/IOAccelerator
0x0000000007a9d000 	/System/Library/PrivateFrameworks/GPUSupport.framework/Versions/A/Libraries/libGPUSupportMercury.dylib
0x0000000007a9d000 	/System/Library/Frameworks/OpenGL.framework/Versions/A/Resources/GLRendererFloat.bundle/GLRendererFloat
0x0000000007a9d000 	/System/Library/Frameworks/OpenCL.framework/Versions/A/Libraries/libcldcpuengine.dylib

VM Arguments:
jvm_args: -Dfile.encoding=UTF-8 -Djava.library.path=/Users/kimi/FIUBA/Materias/7539/7539-Aplicaciones_Informaticas/LeapMove/lib 
java_command: ar.uba.fi.aplicacionesinformaticas.eaceto.tp.leapmove.LeapMove
Launcher Type: SUN_STANDARD

Environment Variables:
PATH=/usr/bin:/bin:/usr/sbin:/sbin
LD_LIBRARY_PATH=/Library/Java/JavaVirtualMachines/jdk1.7.0_45.jdk/Contents/Home/jre/lib/amd64:/Library/Java/JavaVirtualMachines/jdk1.7.0_45.jdk/Contents/Home/jre/lib/i386:
SHELL=/bin/bash
DYLD_LIBRARY_PATH=/Applications/NetBeans/NetBeans 7.4.app/Contents/Resources/NetBeans/webcommon/bin:

Signal Handlers:
SIGSEGV: [libjvm.dylib+0x525415], sa_mask[0]=0xfffefeff, sa_flags=0x00000043
SIGBUS: [libjvm.dylib+0x525415], sa_mask[0]=0xfffefeff, sa_flags=0x00000042
SIGFPE: [libjvm.dylib+0x41891a], sa_mask[0]=0xfffefeff, sa_flags=0x00000042
SIGPIPE: [libjvm.dylib+0x41891a], sa_mask[0]=0xfffefeff, sa_flags=0x00000042
SIGXFSZ: [libjvm.dylib+0x41891a], sa_mask[0]=0xfffefeff, sa_flags=0x00000042
SIGILL: [libjvm.dylib+0x41891a], sa_mask[0]=0xfffefeff, sa_flags=0x00000042
SIGUSR1: SIG_DFL, sa_mask[0]=0x00000000, sa_flags=0x00000002
SIGUSR2: [libjvm.dylib+0x41840c], sa_mask[0]=0x00000004, sa_flags=0x00000042
SIGHUP: [libjvm.dylib+0x41669b], sa_mask[0]=0xfffefeff, sa_flags=0x00000042
SIGINT: SIG_IGN, sa_mask[0]=0x00000000, sa_flags=0x00000000
SIGTERM: [libjvm.dylib+0x41669b], sa_mask[0]=0xfffefeff, sa_flags=0x00000042
SIGQUIT: [libjvm.dylib+0x41669b], sa_mask[0]=0xfffefeff, sa_flags=0x00000042


---------------  S Y S T E M  ---------------

OS:Bsduname:Darwin 13.0.0 Darwin Kernel Version 13.0.0: Thu Sep 19 22:22:27 PDT 2013; root:xnu-2422.1.72~6/RELEASE_X86_64 x86_64
rlimit: STACK 8192k, CORE 0k, NPROC 709, NOFILE 10240, AS infinity
load average:1.40 1.54 1.39

CPU:total 4 (2 cores per cpu, 2 threads per core) family 6 model 58 stepping 9, cmov, cx8, fxsr, mmx, sse, sse2, sse3, ssse3, sse4.1, sse4.2, popcnt, avx, aes, erms, ht, tsc, tscinvbit, tscinv

Memory: 4k page, physical 4194304k(1048576k free)

/proc/meminfo:


vm_info: Java HotSpot(TM) 64-Bit Server VM (24.45-b08) for bsd-amd64 JRE (1.7.0_45-b18), built on Oct  8 2013 05:54:16 by "java_re" with gcc 4.2.1 (Based on Apple Inc. build 5658) (LLVM build 2336.11.00)

time: Mon Dec 16 16:34:16 2013
elapsed time: 2 seconds

